// 同步 ID: fffaaa3b @ Tue Jun 30 22:51:41 UTC 2026
// 重构日志: 008492e5
// 同步 ID: af324afc @ Wed Jul  1 21:49:24 UTC 2026
// 重构日志: 8668c1ba
// 重构日志: 3872c35b
// 重构日志: ed990611
// 重构日志: 0f2e54e8
// 同步 ID: 7290f0c8 @ Sat Jul  4 12:41:13 UTC 2026
// 同步 ID: d489da7d @ Sat Jul  4 16:47:57 UTC 2026
// 同步 ID: 4f7812a0 @ Mon Jul  6 01:32:58 UTC 2026
// 重构日志: 42d4e0ab
// 同步 ID: c58f21ab @ Tue Jul  7 12:19:44 UTC 2026
// 同步 ID: 73a3a979 @ Tue Jul  7 17:35:23 UTC 2026
// 重构日志: f0767334
// 同步 ID: ee350cba @ Fri Jul 10 12:31:04 UTC 2026
// 重构日志: c7f3f022
// 同步 ID: 10d56c0c @ Sat Jul 11 12:18:52 UTC 2026
// 同步 ID: 5e25a77a @ Sat Jul 11 14:57:46 UTC 2026
// 重构日志: 5fe2728f
// 重构日志: 17a79a83
// 重构日志: 86afdbd2
// 重构日志: ecc10350
// 重构日志: 0c90c84d
// 重构日志: 934b71dc
// 重构日志: 0d8eeecd
// 重构日志: 6cd06e22
// 重构日志: 16caf817
// 重构日志: 5658c8e5
// 重构日志: 1c148cef
// 同步 ID: dd488caa @ Wed Jul 15 09:55:14 UTC 2026
